0 info it worked if it ends with ok
1 verbose cli [ 'C:\\Program Files (x86)\\Nodist\\v-x64\\4.4.2\\node.exe',
1 verbose cli   'C:\\Program Files (x86)\\Nodist\\bin\\node_modules\\npm\\bin\\npm-cli.js',
1 verbose cli   'start' ]
2 info using npm@3.10.7
3 info using node@v4.4.2
4 verbose run-script [ 'prestart', 'start', 'poststart' ]
5 info lifecycle anika-goals-june@1.0.0~prestart: anika-goals-june@1.0.0
6 silly lifecycle anika-goals-june@1.0.0~prestart: no script for prestart, continuing
7 info lifecycle anika-goals-june@1.0.0~start: anika-goals-june@1.0.0
8 verbose lifecycle anika-goals-june@1.0.0~start: unsafe-perm in lifecycle true
9 verbose lifecycle anika-goals-june@1.0.0~start: PATH: C:\Program Files (x86)\Nodist\bin\node_modules\npm\bin\node-gyp-bin;D:\webroot\anika-goals-june\node_modules\.bin;C:\Program Files (x86)\Nodist\v-x64\4.4.2;C:\Users\Administrator\bin;C:\Program Files\Git\mingw64\bin;C:\Program Files\Git\usr\local\bin;C:\Program Files\Git\usr\bin;C:\Program Files\Git\usr\bin;C:\Program Files\Git\mingw64\bin;C:\Program Files\Git\usr\bin;C:\Users\Administrator\bin;C:\Ruby193\bin;C:\ProgramData\Oracle\Java\javapath;C:\Windows\system32;C:\Windows;C:\Windows\System32\Wbem;C:\Program Files (x86)\Intel\OpenCL SDK\3.0\bin\x86;C:\Program Files (x86)\Intel\OpenCL SDK\3.0\bin\x64;C:\Program Files\TortoiseSVN\bin;C:\Program Files (x86)\Java\jre8\bin;C:\Windows\System32\WindowsPowerShell\v1.0;C:\Program Files (x86)\Skype\Phone;D:\webroot\kathysantodogtraining\app\Console;C:\wamp\bin\php\php5.5.12;C:\Windows\System32\WindowsPowerShell\v1.0;C:\Program Files\TortoiseGit\bin;C:\Program Files (x86)\Nodist\bin;C:\ProgramData\ComposerSetup\bin;C:\Ruby193\bin;C:\ProgramData\Oracle\Java\javapath;C:\Windows\system32;C:\Windows;C:\Windows\System32\Wbem;C:\Program Files (x86)\Intel\OpenCL SDK\3.0\bin\x86;C:\Program Files (x86)\Intel\OpenCL SDK\3.0\bin\x64;C:\Program Files\TortoiseGit\bin;C:\Program Files (x86)\Git\cmd;C:\Program Files\TortoiseSVN\bin;C:\Program Files (x86)\Java\jre8\bin;C:\Windows\System32\WindowsPowerShell\v1.0;C:\Program Files (x86)\Skype\Phone;D:\webroot\gameshowpro\app\Console;C:\wamp\bin\php\php5.5.12;C:\ProgramData\ComposerSetup\bin;C:\Windows\System32\WindowsPowerShell\v1.0;C:\Program Files (x86)\Microsoft VS Code\bin;C:\Users\Administrator\AppData\Roaming\Composer\vendor\bin;C:\Program Files\Git\usr\bin\vendor_perl;C:\Program Files\Git\usr\bin\core_perl
10 verbose lifecycle anika-goals-june@1.0.0~start: CWD: D:\webroot\anika-goals-june
11 silly lifecycle anika-goals-june@1.0.0~start: Args: [ '/d /s /c', 'node ./bin/www' ]
12 silly lifecycle anika-goals-june@1.0.0~start: Returned: code: 1  signal: null
13 info lifecycle anika-goals-june@1.0.0~start: Failed to exec start script
14 verbose stack Error: anika-goals-june@1.0.0 start: `node ./bin/www`
14 verbose stack Exit status 1
14 verbose stack     at EventEmitter.<anonymous> (C:\Program Files (x86)\Nodist\bin\node_modules\npm\lib\utils\lifecycle.js:255:16)
14 verbose stack     at emitTwo (events.js:87:13)
14 verbose stack     at EventEmitter.emit (events.js:172:7)
14 verbose stack     at ChildProcess.<anonymous> (C:\Program Files (x86)\Nodist\bin\node_modules\npm\lib\utils\spawn.js:40:14)
14 verbose stack     at emitTwo (events.js:87:13)
14 verbose stack     at ChildProcess.emit (events.js:172:7)
14 verbose stack     at maybeClose (internal/child_process.js:827:16)
14 verbose stack     at Process.ChildProcess._handle.onexit (internal/child_process.js:211:5)
15 verbose pkgid anika-goals-june@1.0.0
16 verbose cwd D:\webroot\anika-goals-june\seed
17 error Windows_NT 6.1.7601
18 error argv "C:\\Program Files (x86)\\Nodist\\v-x64\\4.4.2\\node.exe" "C:\\Program Files (x86)\\Nodist\\bin\\node_modules\\npm\\bin\\npm-cli.js" "start"
19 error node v4.4.2
20 error npm  v3.10.7
21 error code ELIFECYCLE
22 error anika-goals-june@1.0.0 start: `node ./bin/www`
22 error Exit status 1
23 error Failed at the anika-goals-june@1.0.0 start script 'node ./bin/www'.
23 error Make sure you have the latest version of node.js and npm installed.
23 error If you do, this is most likely a problem with the anika-goals-june package,
23 error not with npm itself.
23 error Tell the author that this fails on your system:
23 error     node ./bin/www
23 error You can get information on how to open an issue for this project with:
23 error     npm bugs anika-goals-june
23 error Or if that isn't available, you can get their info via:
23 error     npm owner ls anika-goals-june
23 error There is likely additional logging output above.
24 verbose exit [ 1, true ]
